2025-06-19 11:40:00,307 - INFO - 浏览器路径配置成功
2025-06-19 11:40:01,037 - INFO - 浏览器实例化成功
2025-06-19 11:40:01,040 - INFO - 数据包监听已启动
2025-06-19 11:40:04,877 - INFO - 成功打开目标网址
2025-06-19 11:40:04,889 - INFO - CSV文件创建成功，开始爬取数据...
2025-06-19 11:40:04,889 - INFO - 正在采集第1页数据
2025-06-19 11:40:07,972 - WARNING - 第1次获取数据失败: string indices must be integers, not 'str'
2025-06-19 11:40:09,973 - INFO - 第1页完成，共获取20条记录
2025-06-19 11:40:22,453 - INFO - 第1页处理耗时: 17.56秒
2025-06-19 11:40:22,453 - INFO - 正在采集第2页数据
2025-06-19 11:40:22,455 - INFO - 第2页完成，共获取20条记录
2025-06-19 11:40:35,145 - INFO - 第2页处理耗时: 12.69秒
2025-06-19 11:40:35,145 - INFO - 正在采集第3页数据
2025-06-19 11:40:35,147 - INFO - 第3页完成，共获取20条记录
2025-06-19 11:40:47,309 - INFO - 第3页处理耗时: 12.16秒
2025-06-19 11:40:47,309 - INFO - 正在采集第4页数据
2025-06-19 11:40:47,311 - INFO - 第4页完成，共获取20条记录
2025-06-19 11:40:59,395 - INFO - 第4页处理耗时: 12.09秒
2025-06-19 11:40:59,395 - INFO - 正在采集第5页数据
2025-06-19 11:40:59,398 - INFO - 第5页完成，共获取20条记录
2025-06-19 11:41:06,785 - INFO - 浏览器已关闭
